已經開始建置於 2017/11/22 下午 02:09:41。
     1>節點 2 (Build 目標) 上的專案 "D:\產學訓\106NTUTA-04\workspace\c++\ch1\ch1.vcxproj"。
     1>ClCompile:
         C:\Program Files (x86)\Microsoft Visual Studio 12.0\VC\bin\CL.exe /c /ZI /nologo /W3 /WX- /sdl /Od /Oy- /D WIN32 /D _DEBUG /D _CONSOLE /D _LIB /D _CRT_SECURE_NO_WARNINGS /D _UNICODE /D UNICODE /Gm /EHsc /RTC1 /MDd /GS /fp:precise /Zc:wchar_t /Zc:forScope /Fo"Debug\\" /Fd"Debug\vc120.pdb" /Gd /TP /analyze- /errorReport:prompt ex6.cpp main.cpp
         main.cpp
         ex6.cpp
         正在產生程式碼...
       Link:
         C:\Program Files (x86)\Microsoft Visual Studio 12.0\VC\bin\link.exe /ERRORREPORT:PROMPT /OUT:"D:\產學訓\106NTUTA-04\workspace\C++\Debug\ch1.exe" /INCREMENTAL /NOLOGO kernel32.lib user32.lib gdi32.lib winspool.lib comdlg32.lib advapi32.lib shell32.lib ole32.lib oleaut32.lib uuid.lib odbc32.lib odbccp32.lib /MANIFEST /MANIFESTUAC:"level='asInvoker' uiAccess='false'" /manifest:embed /DEBUG /PDB:"D:\產學訓\106NTUTA-04\workspace\C++\Debug\ch1.pdb" /SUBSYSTEM:CONSOLE /TLBID:1 /DYNAMICBASE /NXCOMPAT /IMPLIB:"D:\產學訓\106NTUTA-04\workspace\C++\Debug\ch1.lib" /MACHINE:X86 Debug\ex1.obj
         Debug\ex2.obj
         Debug\ex3.obj
         Debug\ex4_1.obj
         Debug\ex4_2.obj
         Debug\ex5.obj
         Debug\ex6.obj
         Debug\main.obj
         ch1.vcxproj -> D:\產學訓\106NTUTA-04\workspace\C++\Debug\ch1.exe
     1>專案 "D:\產學訓\106NTUTA-04\workspace\c++\ch1\ch1.vcxproj" (Build 目標) 建置完成。

建置成功。

經過時間 00:00:01.46
