h:\產學訓\106ntuta-04\workspace\ch6\ch6\ch6\debug\vc141.pdb
h:\產學訓\106ntuta-04\workspace\ch6\ch6\ch6\debug\vc141.idb
h:\產學訓\106ntuta-04\workspace\ch6\ch6\ch6\debug\ex6_3c.obj
h:\產學訓\106ntuta-04\workspace\ch6\ch6\ch6\debug\ex6_4a.obj
h:\產學訓\106ntuta-04\workspace\ch6\ch6\ch6\debug\ex6_4b.obj
h:\產學訓\106ntuta-04\workspace\ch6\ch6\ch6\debug\ex6_4c.obj
h:\產學訓\106ntuta-04\workspace\ch6\ch6\ch6\debug\ex6_5a.obj
h:\產學訓\106ntuta-04\workspace\ch6\ch6\ch6\debug\ex6_5b.obj
h:\產學訓\106ntuta-04\workspace\ch6\ch6\ch6\debug\hw1.obj
h:\產學訓\106ntuta-04\workspace\ch6\ch6\ch6\debug\hw1_1.obj
h:\產學訓\106ntuta-04\workspace\ch6\ch6\ch6\debug\hw2.obj
h:\產學訓\106ntuta-04\workspace\ch6\ch6\ch6\debug\hw3.obj
h:\產學訓\106ntuta-04\workspace\ch6\ch6\ch6\debug\hw4.obj
h:\產學訓\106ntuta-04\workspace\ch6\ch6\ch6\debug\hw4_1.obj
h:\產學訓\106ntuta-04\workspace\ch6\ch6\ch6\debug\hw5.obj
h:\產學訓\106ntuta-04\workspace\ch6\ch6\ch6\debug\main.obj
h:\產學訓\106ntuta-04\workspace\ch6\ch6\ch6\debug\test.obj
h:\產學訓\106ntuta-04\workspace\ch6\ch6\ch6\debug\test3.obj
h:\產學訓\106ntuta-04\workspace\ch6\ch6\ch6\debug\test4.obj
h:\產學訓\106ntuta-04\workspace\ch6\ch6\ch6\debug\test5.obj
h:\產學訓\106ntuta-04\workspace\ch6\ch6\ch6\debug\test6.obj
h:\產學訓\106ntuta-04\workspace\ch6\ch6\ch6\debug\test7.obj
h:\產學訓\106ntuta-04\workspace\ch6\ch6\ch6\debug\ex6_1a.obj
h:\產學訓\106ntuta-04\workspace\ch6\ch6\ch6\debug\ex6_2a.obj
h:\產學訓\106ntuta-04\workspace\ch6\ch6\ch6\debug\ex6_2b.obj
h:\產學訓\106ntuta-04\workspace\ch6\ch6\ch6\debug\ex6_3a.obj
h:\產學訓\106ntuta-04\workspace\ch6\ch6\ch6\debug\ex6_3b.obj
h:\產學訓\106ntuta-04\workspace\ch6\ch6\ch6\debug\ch6.ilk
h:\產學訓\106ntuta-04\workspace\ch6\ch6\ch6\debug\ch6.exe
h:\產學訓\106ntuta-04\workspace\ch6\ch6\ch6\debug\ch6.pdb
h:\產學訓\106ntuta-04\workspace\ch6\ch6\ch6\debug\lnk{cd1d357a-f83f-4bb4-82f6-1bea83b95f92}.tmp
h:\產學訓\106ntuta-04\workspace\ch6\ch6\ch6\debug\vc120.idb
h:\產學訓\106ntuta-04\workspace\ch6\ch6\ch6\debug\vc120.pdb
h:\產學訓\106ntuta-04\workspace\ch6\ch6\ch6\debug\ch6.tlog\cl.command.1.tlog
h:\產學訓\106ntuta-04\workspace\ch6\ch6\ch6\debug\ch6.tlog\cl.read.1.tlog
h:\產學訓\106ntuta-04\workspace\ch6\ch6\ch6\debug\ch6.tlog\cl.write.1.tlog
h:\產學訓\106ntuta-04\workspace\ch6\ch6\ch6\debug\ch6.tlog\link.command.1.tlog
h:\產學訓\106ntuta-04\workspace\ch6\ch6\ch6\debug\ch6.tlog\link.delete.1.tlog
h:\產學訓\106ntuta-04\workspace\ch6\ch6\ch6\debug\ch6.tlog\link.read.1.tlog
h:\產學訓\106ntuta-04\workspace\ch6\ch6\ch6\debug\ch6.tlog\link.write.1.tlog
