d:\產學訓\106ntuta-04\workspace\ch9\ch9\debug\vc141.pdb
d:\產學訓\106ntuta-04\workspace\ch9\ch9\debug\vc141.idb
d:\產學訓\106ntuta-04\workspace\ch9\ch9\debug\ex1a.obj
d:\產學訓\106ntuta-04\workspace\ch9\ch9\debug\ex1b.obj
d:\產學訓\106ntuta-04\workspace\ch9\ch9\debug\ex1c.obj
d:\產學訓\106ntuta-04\workspace\ch9\ch9\debug\main.obj
d:\產學訓\106ntuta-04\workspace\ch9\ch9\debug\test1.obj
d:\產學訓\106ntuta-04\workspace\ch9\ch9\debug\test2.obj
d:\產學訓\106ntuta-04\workspace\ch9\ch9\debug\test_2.obj
d:\產學訓\106ntuta-04\workspace\ch9\ch9\debug\ex_2a.obj
d:\產學訓\106ntuta-04\workspace\ch9\ch9\debug\ex_2b.obj
d:\產學訓\106ntuta-04\workspace\ch9\debug\ch9.ilk
d:\產學訓\106ntuta-04\workspace\ch9\debug\ch9.exe
d:\產學訓\106ntuta-04\workspace\ch9\debug\ch9.pdb
d:\產學訓\106ntuta-04\workspace\ch9\ch9\debug\ch9.tlog\cl.command.1.tlog
d:\產學訓\106ntuta-04\workspace\ch9\ch9\debug\ch9.tlog\cl.read.1.tlog
d:\產學訓\106ntuta-04\workspace\ch9\ch9\debug\ch9.tlog\cl.write.1.tlog
d:\產學訓\106ntuta-04\workspace\ch9\ch9\debug\ch9.tlog\link.command.1.tlog
d:\產學訓\106ntuta-04\workspace\ch9\ch9\debug\ch9.tlog\link.read.1.tlog
d:\產學訓\106ntuta-04\workspace\ch9\ch9\debug\ch9.tlog\link.write.1.tlog
