d:\產學訓\106ntuta-04\workspace\ch7\ch7\debug\vc120.pdb
d:\產學訓\106ntuta-04\workspace\ch7\ch7\debug\vc120.idb
d:\產學訓\106ntuta-04\workspace\ch7\ch7\debug\ex7_1.obj
d:\產學訓\106ntuta-04\workspace\ch7\ch7\debug\ex7_10.obj
d:\產學訓\106ntuta-04\workspace\ch7\ch7\debug\ex7_2.obj
d:\產學訓\106ntuta-04\workspace\ch7\ch7\debug\ex7_3.obj
d:\產學訓\106ntuta-04\workspace\ch7\ch7\debug\ex7_4.obj
d:\產學訓\106ntuta-04\workspace\ch7\ch7\debug\ex7_5.obj
d:\產學訓\106ntuta-04\workspace\ch7\ch7\debug\ex7_6.obj
d:\產學訓\106ntuta-04\workspace\ch7\ch7\debug\ex7_7.obj
d:\產學訓\106ntuta-04\workspace\ch7\ch7\debug\ex7_8.obj
d:\產學訓\106ntuta-04\workspace\ch7\ch7\debug\ex7_9.obj
d:\產學訓\106ntuta-04\workspace\ch7\ch7\debug\main.obj
d:\產學訓\106ntuta-04\workspace\ch6\ch6\ch6\debug\ch7.ilk
d:\產學訓\106ntuta-04\workspace\ch6\ch6\ch6\debug\ch7.exe
d:\產學訓\106ntuta-04\workspace\ch6\ch6\ch6\debug\ch7.pdb
d:\產學訓\106ntuta-04\workspace\ch7\ch7\debug\ch7.tlog\cl.command.1.tlog
d:\產學訓\106ntuta-04\workspace\ch7\ch7\debug\ch7.tlog\cl.read.1.tlog
d:\產學訓\106ntuta-04\workspace\ch7\ch7\debug\ch7.tlog\cl.write.1.tlog
d:\產學訓\106ntuta-04\workspace\ch7\ch7\debug\ch7.tlog\link.command.1.tlog
d:\產學訓\106ntuta-04\workspace\ch7\ch7\debug\ch7.tlog\link.read.1.tlog
d:\產學訓\106ntuta-04\workspace\ch7\ch7\debug\ch7.tlog\link.write.1.tlog
