已經開始建置於 2017/10/11 上午 11:52:46。
     1>節點 2 (Build 目標) 上的專案 "D:\產學訓\106NTUTA-04\workspace\ch7\ch7\ch7.vcxproj"。
     1>ClCompile:
         C:\Program Files (x86)\Microsoft Visual Studio 12.0\VC\bin\x86_amd64\CL.exe /c /Zi /nologo /W3 /WX- /sdl /Od /D WIN32 /D _DEBUG /D _CONSOLE /D _LIB /D _CRT_SECURE_NO_WARNINGS /D _UNICODE /D UNICODE /Gm /EHsc /RTC1 /MDd /GS /fp:precise /Zc:wchar_t /Zc:forScope /Fo"x64\Debug\\" /Fd"x64\Debug\vc120.pdb" /Gd /TC /errorReport:prompt ex7_1.c ex7_2.c ex7_3.c main.c
         main.c
     1>main.c(32): warning C4013: 'ex7_3' 未定義; 假設 extern 傳回整數
         ex7_3.c
         ex7_2.c
         ex7_1.c
     1>ex7_1.c(7): warning C4313: 'printf'  : 格式字串中的 '%x' 與引數 2 (屬於類型 'int *') 衝突
     1>ex7_1.c(8): warning C4313: 'printf'  : 格式字串中的 '%x' 與引數 2 (屬於類型 'int *') 衝突
     1>ex7_1.c(8): warning C4313: 'printf'  : 格式字串中的 '%x' 與引數 3 (屬於類型 'int **') 衝突
         正在產生程式碼...
       Link:
         C:\Program Files (x86)\Microsoft Visual Studio 12.0\VC\bin\x86_amd64\link.exe /ERRORREPORT:PROMPT /OUT:"D:\產學訓\106NTUTA-04\workspace\ch6\ch6\ch6\x64\Debug\ch7.exe" /INCREMENTAL /NOLOGO kernel32.lib user32.lib gdi32.lib winspool.lib comdlg32.lib advapi32.lib shell32.lib ole32.lib oleaut32.lib uuid.lib odbc32.lib odbccp32.lib /MANIFEST /MANIFESTUAC:"level='asInvoker' uiAccess='false'" /manifest:embed /DEBUG /PDB:"D:\產學訓\106NTUTA-04\workspace\ch6\ch6\ch6\x64\Debug\ch7.pdb" /SUBSYSTEM:CONSOLE /TLBID:1 /DYNAMICBASE /NXCOMPAT /IMPLIB:"D:\產學訓\106NTUTA-04\workspace\ch6\ch6\ch6\x64\Debug\ch7.lib" /MACHINE:X64 x64\Debug\ex7_1.obj
         x64\Debug\ex7_2.obj
         x64\Debug\ex7_3.obj
         x64\Debug\main.obj
         ch7.vcxproj -> D:\產學訓\106NTUTA-04\workspace\ch6\ch6\ch6\x64\Debug\ch7.exe
     1>專案 "D:\產學訓\106NTUTA-04\workspace\ch7\ch7\ch7.vcxproj" (Build 目標) 建置完成。

建置成功。

經過時間 00:00:01.13
